<?xml version="1.0" encoding="UTF-8"?>
<testsuite name="SimpleBankSystemTest" tests="1" skipped="0" failures="0" errors="0" timestamp="2022-01-07T14:40:09" hostname="CI00081533" time="0.567">
  <properties/>
  <testcase name="start" classname="SimpleBankSystemTest" time="0.567"/>
  <system-out><![CDATA[?[1;31m
Start test 1?[0m
1. Create an account
2. Log into account
0. Exit
> 0
?[1;31m
Start test 2?[0m
1. Create an account
2. Log into account
0. Exit
> 0
?[1;31m
Start test 3?[0m
1. Create an account
2. Log into account
0. Exit
> 0
?[1;31m
Start test 4?[0m
1. Create an account
2. Log into account
0. Exit
> 0
?[1;31m
Start test 5?[0m
1. Create an account
2. Log into account
0. Exit
> 1
Your card has been created
Your card number:
4000004760062715
Your card PIN:
6746
1. Create an account
2. Log into account
0. Exit
> 1
Your card has been created
Your card number:
4000006743488214
Your card PIN:
6337
1. Create an account
2. Log into account
0. Exit
> 1
Your card has been created
Your card number:
4000004548614761
Your card PIN:
3808
1. Create an account
2. Log into account
0. Exit
> 1
Your card has been created
Your card number:
4000005043373852
Your card PIN:
4127
1. Create an account
2. Log into account
0. Exit
> 1
Your card has been created
Your card number:
4000005220277769
Your card PIN:
7126
1. Create an account
2. Log into account
0. Exit
> 0
4000004760062715
4000006743488214
4000004548614761
4000005043373852
4000005220277769
?[1;31m
Start test 6?[0m
1. Create an account
2. Log into account
0. Exit
> 1
Your card has been created
Your card number:
4000005563604603
Your card PIN:
8306
1. Create an account
2. Log into account
0. Exit
> 2
Enter you card number:
> 4000005563604603
Enter you PIN:
> 8306
You have successfully logged in!

1. Balance
2. Add income
3. Do transfer
4. Close account
5. Log out
0. Exit
> 0
?[1;31m
Start test 7?[0m
1. Create an account
2. Log into account
0. Exit
> 1
Your card has been created
Your card number:
4000006675885635
Your card PIN:
2083
1. Create an account
2. Log into account
0. Exit
> 2
Enter you card number:
> 4000006675885635
Enter you PIN:
> 1413
Wrong card number or PIN!
1. Create an account
2. Log into account
0. Exit
> 0
?[1;31m
Start test 8?[0m
1. Create an account
2. Log into account
0. Exit
> 1
Your card has been created
Your card number:
4000001876248766
Your card PIN:
7438
1. Create an account
2. Log into account
0. Exit
> 2
Enter you card number:
> 400000847401151
Enter you PIN:
> 7438
Wrong card number or PIN!
1. Create an account
2. Log into account
0. Exit
> 0
?[1;31m
Start test 9?[0m
1. Create an account
2. Log into account
0. Exit
> 1
Your card has been created
Your card number:
4000000221773106
Your card PIN:
3624
1. Create an account
2. Log into account
0. Exit
> 2
Enter you card number:
> 4000000221773106
Enter you PIN:
> 3624
You have successfully logged in!

1. Balance
2. Add income
3. Do transfer
4. Close account
5. Log out
0. Exit
> 1
0
1. Balance
2. Add income
3. Do transfer
4. Close account
5. Log out
0. Exit
> 0
?[1;31m
Start test 10?[0m
1. Create an account
2. Log into account
0. Exit
> 1
Your card has been created
Your card number:
4000004113362309
Your card PIN:
0620
1. Create an account
2. Log into account
0. Exit
> 2
Enter you card number:
> 4000004113362309
Enter you PIN:
> 0620
You have successfully logged in!

1. Balance
2. Add income
3. Do transfer
4. Close account
5. Log out
0. Exit
> 2
Enter income:
> 10000
Income was added!
1. Balance
2. Add income
3. Do transfer
4. Close account
5. Log out
0. Exit
> 0
1. Create an account
2. Log into account
0. Exit
> 2
Enter you card number:
> 4000004113362309
Enter you PIN:
> 0620
You have successfully logged in!

1. Balance
2. Add income
3. Do transfer
4. Close account
5. Log out
0. Exit
> 2
Enter income:
> 15000
Income was added!
1. Balance
2. Add income
3. Do transfer
4. Close account
5. Log out
0. Exit
> 0
?[1;31m
Start test 11?[0m
1. Create an account
2. Log into account
0. Exit
> 1
Your card has been created
Your card number:
4000002831608623
Your card PIN:
1828
1. Create an account
2. Log into account
0. Exit
> 1
Your card has been created
Your card number:
4000008381677116
Your card PIN:
0004
1. Create an account
2. Log into account
0. Exit
> 2
Enter you card number:
> 4000008381677116
Enter you PIN:
> 0004
You have successfully logged in!

1. Balance
2. Add income
3. Do transfer
4. Close account
5. Log out
0. Exit
> 3
Enter card number for transfer:
> 2000007269641764
Probably you made a mistake in the card number. Please try again!
1. Balance
2. Add income
3. Do transfer
4. Close account
5. Log out
0. Exit
> 3
Enter card number for transfer:
> 2000007269641768
Such a card does not exist.
1. Balance
2. Add income
3. Do transfer
4. Close account
5. Log out
0. Exit
> 3
Enter card number for transfer:
> 4000002831608623
Enter how much money you want to transfer:
> 100000
Not enough money!
1. Balance
2. Add income
3. Do transfer
4. Close account
5. Log out
0. Exit
> 2
Enter income:
> 20000
Income was added!
1. Balance
2. Add income
3. Do transfer
4. Close account
5. Log out
0. Exit
> 3
Enter card number for transfer:
> 4000002831608623
Enter how much money you want to transfer:
> 10000
Success!
1. Balance
2. Add income
3. Do transfer
4. Close account
5. Log out
0. Exit
> 0
?[1;31m
Start test 12?[0m
1. Create an account
2. Log into account
0. Exit
> 1
Your card has been created
Your card number:
4000000275088179
Your card PIN:
2107
1. Create an account
2. Log into account
0. Exit
> 2
Enter you card number:
> 4000000275088179
Enter you PIN:
> 2107
You have successfully logged in!

1. Balance
2. Add income
3. Do transfer
4. Close account
5. Log out
0. Exit
> 4
The account has been closed!
1. Balance
2. Add income
3. Do transfer
4. Close account
5. Log out
0. Exit
> 0
]]></system-out>
  <system-err><![CDATA[]]></system-err>
</testsuite>
